2019-11-15 19:07:01,023 0      [           main] DEBUG ache.ibatis.logging.LogFactory  - Logging initialized using 'class org.apache.ibatis.logging.log4j.Log4jImpl' adapter.
2019-11-15 19:07:01,275 252    [           main] DEBUG source.pooled.PooledDataSource  - PooledDataSource forcefully closed/removed all connections.
2019-11-15 19:07:01,275 252    [           main] DEBUG source.pooled.PooledDataSource  - PooledDataSource forcefully closed/removed all connections.
2019-11-15 19:07:01,275 252    [           main] DEBUG source.pooled.PooledDataSource  - PooledDataSource forcefully closed/removed all connections.
2019-11-15 19:07:01,275 252    [           main] DEBUG source.pooled.PooledDataSource  - PooledDataSource forcefully closed/removed all connections.
2019-11-15 19:07:56,421 0      [           main] DEBUG ache.ibatis.logging.LogFactory  - Logging initialized using 'class org.apache.ibatis.logging.log4j.Log4jImpl' adapter.
2019-11-15 19:07:56,667 246    [           main] DEBUG source.pooled.PooledDataSource  - PooledDataSource forcefully closed/removed all connections.
2019-11-15 19:07:56,667 246    [           main] DEBUG source.pooled.PooledDataSource  - PooledDataSource forcefully closed/removed all connections.
2019-11-15 19:07:56,667 246    [           main] DEBUG source.pooled.PooledDataSource  - PooledDataSource forcefully closed/removed all connections.
2019-11-15 19:07:56,667 246    [           main] DEBUG source.pooled.PooledDataSource  - PooledDataSource forcefully closed/removed all connections.
2019-11-15 19:08:01,803 0      [           main] DEBUG ache.ibatis.logging.LogFactory  - Logging initialized using 'class org.apache.ibatis.logging.log4j.Log4jImpl' adapter.
2019-11-15 19:08:01,950 147    [           main] DEBUG source.pooled.PooledDataSource  - PooledDataSource forcefully closed/removed all connections.
2019-11-15 19:08:01,950 147    [           main] DEBUG source.pooled.PooledDataSource  - PooledDataSource forcefully closed/removed all connections.
2019-11-15 19:08:01,950 147    [           main] DEBUG source.pooled.PooledDataSource  - PooledDataSource forcefully closed/removed all connections.
2019-11-15 19:08:01,950 147    [           main] DEBUG source.pooled.PooledDataSource  - PooledDataSource forcefully closed/removed all connections.
2019-11-15 19:08:04,908 0      [           main] DEBUG ache.ibatis.logging.LogFactory  - Logging initialized using 'class org.apache.ibatis.logging.log4j.Log4jImpl' adapter.
2019-11-15 19:08:05,054 146    [           main] DEBUG source.pooled.PooledDataSource  - PooledDataSource forcefully closed/removed all connections.
2019-11-15 19:08:05,054 146    [           main] DEBUG source.pooled.PooledDataSource  - PooledDataSource forcefully closed/removed all connections.
2019-11-15 19:08:05,054 146    [           main] DEBUG source.pooled.PooledDataSource  - PooledDataSource forcefully closed/removed all connections.
2019-11-15 19:08:05,054 146    [           main] DEBUG source.pooled.PooledDataSource  - PooledDataSource forcefully closed/removed all connections.
2019-11-15 19:08:07,442 0      [           main] DEBUG ache.ibatis.logging.LogFactory  - Logging initialized using 'class org.apache.ibatis.logging.log4j.Log4jImpl' adapter.
2019-11-15 19:08:07,611 169    [           main] DEBUG source.pooled.PooledDataSource  - PooledDataSource forcefully closed/removed all connections.
2019-11-15 19:08:07,611 169    [           main] DEBUG source.pooled.PooledDataSource  - PooledDataSource forcefully closed/removed all connections.
2019-11-15 19:08:07,611 169    [           main] DEBUG source.pooled.PooledDataSource  - PooledDataSource forcefully closed/removed all connections.
2019-11-15 19:08:07,612 170    [           main] DEBUG source.pooled.PooledDataSource  - PooledDataSource forcefully closed/removed all connections.
2019-11-15 19:08:10,743 0      [           main] DEBUG ache.ibatis.logging.LogFactory  - Logging initialized using 'class org.apache.ibatis.logging.log4j.Log4jImpl' adapter.
2019-11-15 19:08:10,910 167    [           main] DEBUG source.pooled.PooledDataSource  - PooledDataSource forcefully closed/removed all connections.
2019-11-15 19:08:10,910 167    [           main] DEBUG source.pooled.PooledDataSource  - PooledDataSource forcefully closed/removed all connections.
2019-11-15 19:08:10,910 167    [           main] DEBUG source.pooled.PooledDataSource  - PooledDataSource forcefully closed/removed all connections.
2019-11-15 19:08:10,910 167    [           main] DEBUG source.pooled.PooledDataSource  - PooledDataSource forcefully closed/removed all connections.
2019-11-15 19:09:13,283 0      [           main] DEBUG ache.ibatis.logging.LogFactory  - Logging initialized using 'class org.apache.ibatis.logging.log4j.Log4jImpl' adapter.
2019-11-15 19:09:13,421 138    [           main] DEBUG source.pooled.PooledDataSource  - PooledDataSource forcefully closed/removed all connections.
2019-11-15 19:09:13,421 138    [           main] DEBUG source.pooled.PooledDataSource  - PooledDataSource forcefully closed/removed all connections.
2019-11-15 19:09:13,421 138    [           main] DEBUG source.pooled.PooledDataSource  - PooledDataSource forcefully closed/removed all connections.
2019-11-15 19:09:13,422 139    [           main] DEBUG source.pooled.PooledDataSource  - PooledDataSource forcefully closed/removed all connections.
2019-11-15 19:10:46,974 0      [           main] DEBUG ache.ibatis.logging.LogFactory  - Logging initialized using 'class org.apache.ibatis.logging.log4j.Log4jImpl' adapter.
2019-11-15 19:10:47,106 132    [           main] DEBUG source.pooled.PooledDataSource  - PooledDataSource forcefully closed/removed all connections.
2019-11-15 19:10:47,106 132    [           main] DEBUG source.pooled.PooledDataSource  - PooledDataSource forcefully closed/removed all connections.
2019-11-15 19:10:47,106 132    [           main] DEBUG source.pooled.PooledDataSource  - PooledDataSource forcefully closed/removed all connections.
2019-11-15 19:10:47,106 132    [           main] DEBUG source.pooled.PooledDataSource  - PooledDataSource forcefully closed/removed all connections.
2019-11-15 19:10:49,895 0      [           main] DEBUG ache.ibatis.logging.LogFactory  - Logging initialized using 'class org.apache.ibatis.logging.log4j.Log4jImpl' adapter.
2019-11-15 19:10:50,035 140    [           main] DEBUG source.pooled.PooledDataSource  - PooledDataSource forcefully closed/removed all connections.
2019-11-15 19:10:50,036 141    [           main] DEBUG source.pooled.PooledDataSource  - PooledDataSource forcefully closed/removed all connections.
2019-11-15 19:10:50,036 141    [           main] DEBUG source.pooled.PooledDataSource  - PooledDataSource forcefully closed/removed all connections.
2019-11-15 19:10:50,036 141    [           main] DEBUG source.pooled.PooledDataSource  - PooledDataSource forcefully closed/removed all connections.
2019-11-15 19:10:51,863 0      [           main] DEBUG ache.ibatis.logging.LogFactory  - Logging initialized using 'class org.apache.ibatis.logging.log4j.Log4jImpl' adapter.
2019-11-15 19:10:51,996 133    [           main] DEBUG source.pooled.PooledDataSource  - PooledDataSource forcefully closed/removed all connections.
2019-11-15 19:10:51,996 133    [           main] DEBUG source.pooled.PooledDataSource  - PooledDataSource forcefully closed/removed all connections.
2019-11-15 19:10:51,996 133    [           main] DEBUG source.pooled.PooledDataSource  - PooledDataSource forcefully closed/removed all connections.
2019-11-15 19:10:51,996 133    [           main] DEBUG source.pooled.PooledDataSource  - PooledDataSource forcefully closed/removed all connections.
2019-11-15 19:10:53,685 0      [           main] DEBUG ache.ibatis.logging.LogFactory  - Logging initialized using 'class org.apache.ibatis.logging.log4j.Log4jImpl' adapter.
2019-11-15 19:10:53,818 133    [           main] DEBUG source.pooled.PooledDataSource  - PooledDataSource forcefully closed/removed all connections.
2019-11-15 19:10:53,818 133    [           main] DEBUG source.pooled.PooledDataSource  - PooledDataSource forcefully closed/removed all connections.
2019-11-15 19:10:53,818 133    [           main] DEBUG source.pooled.PooledDataSource  - PooledDataSource forcefully closed/removed all connections.
2019-11-15 19:10:53,818 133    [           main] DEBUG source.pooled.PooledDataSource  - PooledDataSource forcefully closed/removed all connections.
2019-11-15 19:10:55,543 0      [           main] DEBUG ache.ibatis.logging.LogFactory  - Logging initialized using 'class org.apache.ibatis.logging.log4j.Log4jImpl' adapter.
2019-11-15 19:10:55,694 151    [           main] DEBUG source.pooled.PooledDataSource  - PooledDataSource forcefully closed/removed all connections.
2019-11-15 19:10:55,694 151    [           main] DEBUG source.pooled.PooledDataSource  - PooledDataSource forcefully closed/removed all connections.
2019-11-15 19:10:55,694 151    [           main] DEBUG source.pooled.PooledDataSource  - PooledDataSource forcefully closed/removed all connections.
2019-11-15 19:10:55,694 151    [           main] DEBUG source.pooled.PooledDataSource  - PooledDataSource forcefully closed/removed all connections.
2019-11-15 19:10:57,362 0      [           main] DEBUG ache.ibatis.logging.LogFactory  - Logging initialized using 'class org.apache.ibatis.logging.log4j.Log4jImpl' adapter.
2019-11-15 19:10:57,508 146    [           main] DEBUG source.pooled.PooledDataSource  - PooledDataSource forcefully closed/removed all connections.
2019-11-15 19:10:57,508 146    [           main] DEBUG source.pooled.PooledDataSource  - PooledDataSource forcefully closed/removed all connections.
2019-11-15 19:10:57,508 146    [           main] DEBUG source.pooled.PooledDataSource  - PooledDataSource forcefully closed/removed all connections.
2019-11-15 19:10:57,508 146    [           main] DEBUG source.pooled.PooledDataSource  - PooledDataSource forcefully closed/removed all connections.
2019-11-15 19:11:00,535 0      [           main] DEBUG ache.ibatis.logging.LogFactory  - Logging initialized using 'class org.apache.ibatis.logging.log4j.Log4jImpl' adapter.
2019-11-15 19:11:00,673 138    [           main] DEBUG source.pooled.PooledDataSource  - PooledDataSource forcefully closed/removed all connections.
2019-11-15 19:11:00,673 138    [           main] DEBUG source.pooled.PooledDataSource  - PooledDataSource forcefully closed/removed all connections.
2019-11-15 19:11:00,673 138    [           main] DEBUG source.pooled.PooledDataSource  - PooledDataSource forcefully closed/removed all connections.
2019-11-15 19:11:00,674 139    [           main] DEBUG source.pooled.PooledDataSource  - PooledDataSource forcefully closed/removed all connections.
2019-11-15 19:13:06,923 0      [           main] DEBUG ache.ibatis.logging.LogFactory  - Logging initialized using 'class org.apache.ibatis.logging.log4j.Log4jImpl' adapter.
2019-11-15 19:13:07,067 144    [           main] DEBUG source.pooled.PooledDataSource  - PooledDataSource forcefully closed/removed all connections.
2019-11-15 19:13:07,067 144    [           main] DEBUG source.pooled.PooledDataSource  - PooledDataSource forcefully closed/removed all connections.
2019-11-15 19:13:07,067 144    [           main] DEBUG source.pooled.PooledDataSource  - PooledDataSource forcefully closed/removed all connections.
2019-11-15 19:13:07,067 144    [           main] DEBUG source.pooled.PooledDataSource  - PooledDataSource forcefully closed/removed all connections.
2019-11-15 19:29:04,071 0      [           main] DEBUG ache.ibatis.logging.LogFactory  - Logging initialized using 'class org.apache.ibatis.logging.log4j.Log4jImpl' adapter.
2019-11-15 19:29:04,219 148    [           main] DEBUG source.pooled.PooledDataSource  - PooledDataSource forcefully closed/removed all connections.
2019-11-15 19:29:04,219 148    [           main] DEBUG source.pooled.PooledDataSource  - PooledDataSource forcefully closed/removed all connections.
2019-11-15 19:29:04,219 148    [           main] DEBUG source.pooled.PooledDataSource  - PooledDataSource forcefully closed/removed all connections.
2019-11-15 19:29:04,219 148    [           main] DEBUG source.pooled.PooledDataSource  - PooledDataSource forcefully closed/removed all connections.
2019-11-15 19:31:05,909 0      [           main] DEBUG ache.ibatis.logging.LogFactory  - Logging initialized using 'class org.apache.ibatis.logging.log4j.Log4jImpl' adapter.
2019-11-15 19:31:06,077 168    [           main] DEBUG source.pooled.PooledDataSource  - PooledDataSource forcefully closed/removed all connections.
2019-11-15 19:31:06,077 168    [           main] DEBUG source.pooled.PooledDataSource  - PooledDataSource forcefully closed/removed all connections.
2019-11-15 19:31:06,077 168    [           main] DEBUG source.pooled.PooledDataSource  - PooledDataSource forcefully closed/removed all connections.
2019-11-15 19:31:06,077 168    [           main] DEBUG source.pooled.PooledDataSource  - PooledDataSource forcefully closed/removed all connections.
2019-11-15 19:31:57,418 0      [           main] DEBUG ache.ibatis.logging.LogFactory  - Logging initialized using 'class org.apache.ibatis.logging.log4j.Log4jImpl' adapter.
2019-11-15 19:31:57,564 146    [           main] DEBUG source.pooled.PooledDataSource  - PooledDataSource forcefully closed/removed all connections.
2019-11-15 19:31:57,564 146    [           main] DEBUG source.pooled.PooledDataSource  - PooledDataSource forcefully closed/removed all connections.
2019-11-15 19:31:57,565 147    [           main] DEBUG source.pooled.PooledDataSource  - PooledDataSource forcefully closed/removed all connections.
2019-11-15 19:31:57,565 147    [           main] DEBUG source.pooled.PooledDataSource  - PooledDataSource forcefully closed/removed all connections.
2019-11-15 19:31:57,656 238    [           main] DEBUG ansaction.jdbc.JdbcTransaction  - Opening JDBC Connection
2019-11-15 19:34:47,477 0      [           main] DEBUG ache.ibatis.logging.LogFactory  - Logging initialized using 'class org.apache.ibatis.logging.log4j.Log4jImpl' adapter.
2019-11-15 19:34:47,622 145    [           main] DEBUG source.pooled.PooledDataSource  - PooledDataSource forcefully closed/removed all connections.
2019-11-15 19:34:47,622 145    [           main] DEBUG source.pooled.PooledDataSource  - PooledDataSource forcefully closed/removed all connections.
2019-11-15 19:34:47,622 145    [           main] DEBUG source.pooled.PooledDataSource  - PooledDataSource forcefully closed/removed all connections.
2019-11-15 19:34:47,622 145    [           main] DEBUG source.pooled.PooledDataSource  - PooledDataSource forcefully closed/removed all connections.
2019-11-15 19:34:47,711 234    [           main] DEBUG ansaction.jdbc.JdbcTransaction  - Opening JDBC Connection
2019-11-15 19:40:04,582 0      [           main] DEBUG ache.ibatis.logging.LogFactory  - Logging initialized using 'class org.apache.ibatis.logging.log4j.Log4jImpl' adapter.
2019-11-15 19:40:04,711 129    [           main] DEBUG source.pooled.PooledDataSource  - PooledDataSource forcefully closed/removed all connections.
2019-11-15 19:40:04,711 129    [           main] DEBUG source.pooled.PooledDataSource  - PooledDataSource forcefully closed/removed all connections.
2019-11-15 19:40:04,711 129    [           main] DEBUG source.pooled.PooledDataSource  - PooledDataSource forcefully closed/removed all connections.
2019-11-15 19:40:04,711 129    [           main] DEBUG source.pooled.PooledDataSource  - PooledDataSource forcefully closed/removed all connections.
2019-11-15 19:40:04,807 225    [           main] DEBUG ansaction.jdbc.JdbcTransaction  - Opening JDBC Connection
2019-11-15 19:41:43,661 0      [           main] DEBUG ache.ibatis.logging.LogFactory  - Logging initialized using 'class org.apache.ibatis.logging.log4j.Log4jImpl' adapter.
2019-11-15 19:41:43,797 136    [           main] DEBUG source.pooled.PooledDataSource  - PooledDataSource forcefully closed/removed all connections.
2019-11-15 19:41:43,797 136    [           main] DEBUG source.pooled.PooledDataSource  - PooledDataSource forcefully closed/removed all connections.
2019-11-15 19:41:43,797 136    [           main] DEBUG source.pooled.PooledDataSource  - PooledDataSource forcefully closed/removed all connections.
2019-11-15 19:41:43,798 137    [           main] DEBUG source.pooled.PooledDataSource  - PooledDataSource forcefully closed/removed all connections.
2019-11-15 19:41:43,904 243    [           main] DEBUG ansaction.jdbc.JdbcTransaction  - Opening JDBC Connection
2019-11-15 19:48:30,434 0      [           main] DEBUG ache.ibatis.logging.LogFactory  - Logging initialized using 'class org.apache.ibatis.logging.log4j.Log4jImpl' adapter.
2019-11-15 19:48:30,577 143    [           main] DEBUG source.pooled.PooledDataSource  - PooledDataSource forcefully closed/removed all connections.
2019-11-15 19:48:30,577 143    [           main] DEBUG source.pooled.PooledDataSource  - PooledDataSource forcefully closed/removed all connections.
2019-11-15 19:48:30,577 143    [           main] DEBUG source.pooled.PooledDataSource  - PooledDataSource forcefully closed/removed all connections.
2019-11-15 19:48:30,577 143    [           main] DEBUG source.pooled.PooledDataSource  - PooledDataSource forcefully closed/removed all connections.
2019-11-15 19:48:30,672 238    [           main] DEBUG ansaction.jdbc.JdbcTransaction  - Opening JDBC Connection
2019-11-15 19:51:20,516 0      [           main] DEBUG ache.ibatis.logging.LogFactory  - Logging initialized using 'class org.apache.ibatis.logging.log4j.Log4jImpl' adapter.
2019-11-15 19:51:20,649 133    [           main] DEBUG source.pooled.PooledDataSource  - PooledDataSource forcefully closed/removed all connections.
2019-11-15 19:51:20,649 133    [           main] DEBUG source.pooled.PooledDataSource  - PooledDataSource forcefully closed/removed all connections.
2019-11-15 19:51:20,649 133    [           main] DEBUG source.pooled.PooledDataSource  - PooledDataSource forcefully closed/removed all connections.
2019-11-15 19:51:20,649 133    [           main] DEBUG source.pooled.PooledDataSource  - PooledDataSource forcefully closed/removed all connections.
2019-11-15 19:51:20,748 232    [           main] DEBUG ansaction.jdbc.JdbcTransaction  - Opening JDBC Connection
2019-11-15 19:51:44,459 0      [           main] DEBUG ache.ibatis.logging.LogFactory  - Logging initialized using 'class org.apache.ibatis.logging.log4j.Log4jImpl' adapter.
2019-11-15 19:51:44,647 188    [           main] DEBUG source.pooled.PooledDataSource  - PooledDataSource forcefully closed/removed all connections.
2019-11-15 19:51:44,647 188    [           main] DEBUG source.pooled.PooledDataSource  - PooledDataSource forcefully closed/removed all connections.
2019-11-15 19:51:44,647 188    [           main] DEBUG source.pooled.PooledDataSource  - PooledDataSource forcefully closed/removed all connections.
2019-11-15 19:51:44,647 188    [           main] DEBUG source.pooled.PooledDataSource  - PooledDataSource forcefully closed/removed all connections.
2019-11-15 19:51:44,771 312    [           main] DEBUG ansaction.jdbc.JdbcTransaction  - Opening JDBC Connection
2019-11-15 19:54:07,097 0      [           main] DEBUG ache.ibatis.logging.LogFactory  - Logging initialized using 'class org.apache.ibatis.logging.log4j.Log4jImpl' adapter.
2019-11-15 19:54:07,278 181    [           main] DEBUG source.pooled.PooledDataSource  - PooledDataSource forcefully closed/removed all connections.
2019-11-15 19:54:07,278 181    [           main] DEBUG source.pooled.PooledDataSource  - PooledDataSource forcefully closed/removed all connections.
2019-11-15 19:54:07,278 181    [           main] DEBUG source.pooled.PooledDataSource  - PooledDataSource forcefully closed/removed all connections.
2019-11-15 19:54:07,278 181    [           main] DEBUG source.pooled.PooledDataSource  - PooledDataSource forcefully closed/removed all connections.
2019-11-15 19:54:07,412 315    [           main] DEBUG ansaction.jdbc.JdbcTransaction  - Opening JDBC Connection
2019-11-15 19:57:40,207 1      [           main] DEBUG ache.ibatis.logging.LogFactory  - Logging initialized using 'class org.apache.ibatis.logging.log4j.Log4jImpl' adapter.
2019-11-15 19:57:40,470 264    [           main] DEBUG source.pooled.PooledDataSource  - PooledDataSource forcefully closed/removed all connections.
2019-11-15 19:57:40,471 265    [           main] DEBUG source.pooled.PooledDataSource  - PooledDataSource forcefully closed/removed all connections.
2019-11-15 19:57:40,471 265    [           main] DEBUG source.pooled.PooledDataSource  - PooledDataSource forcefully closed/removed all connections.
2019-11-15 19:57:40,472 266    [           main] DEBUG source.pooled.PooledDataSource  - PooledDataSource forcefully closed/removed all connections.
2019-11-15 19:57:40,599 393    [           main] DEBUG ansaction.jdbc.JdbcTransaction  - Opening JDBC Connection
2019-11-15 20:00:24,476 0      [           main] DEBUG ache.ibatis.logging.LogFactory  - Logging initialized using 'class org.apache.ibatis.logging.log4j.Log4jImpl' adapter.
2019-11-15 20:00:24,725 249    [           main] DEBUG source.pooled.PooledDataSource  - PooledDataSource forcefully closed/removed all connections.
2019-11-15 20:00:24,725 249    [           main] DEBUG source.pooled.PooledDataSource  - PooledDataSource forcefully closed/removed all connections.
2019-11-15 20:00:24,725 249    [           main] DEBUG source.pooled.PooledDataSource  - PooledDataSource forcefully closed/removed all connections.
2019-11-15 20:00:24,725 249    [           main] DEBUG source.pooled.PooledDataSource  - PooledDataSource forcefully closed/removed all connections.
2019-11-15 20:00:24,829 353    [           main] DEBUG ansaction.jdbc.JdbcTransaction  - Opening JDBC Connection
2019-11-15 20:00:26,181 1705   [           main] DEBUG source.pooled.PooledDataSource  - Created connection 1529060733.
2019-11-15 20:00:26,181 1705   [           main] DEBUG ansaction.jdbc.JdbcTransaction  - Setting autocommit to false on JDBC Connection [com.mysql.cj.jdbc.ConnectionImpl@5b239d7d]
2019-11-15 20:00:26,194 1718   [           main] DEBUG om.itheima.dao.IUseDao.findAll  - ==>  Preparing: select * from user 
2019-11-15 20:00:26,232 1756   [           main] DEBUG om.itheima.dao.IUseDao.findAll  - ==> Parameters: 
2019-11-15 20:00:26,296 1820   [           main] DEBUG om.itheima.dao.IUseDao.findAll  - <==      Total: 6
2019-11-15 20:00:26,305 1829   [           main] DEBUG ansaction.jdbc.JdbcTransaction  - Resetting autocommit to true on JDBC Connection [com.mysql.cj.jdbc.ConnectionImpl@5b239d7d]
2019-11-15 20:00:26,310 1834   [           main] DEBUG ansaction.jdbc.JdbcTransaction  - Closing JDBC Connection [com.mysql.cj.jdbc.ConnectionImpl@5b239d7d]
2019-11-15 20:00:26,310 1834   [           main] DEBUG source.pooled.PooledDataSource  - Returned connection 1529060733 to pool.
2019-11-15 20:00:55,731 0      [           main] DEBUG ache.ibatis.logging.LogFactory  - Logging initialized using 'class org.apache.ibatis.logging.log4j.Log4jImpl' adapter.
2019-11-15 20:00:55,958 227    [           main] DEBUG source.pooled.PooledDataSource  - PooledDataSource forcefully closed/removed all connections.
2019-11-15 20:00:55,958 227    [           main] DEBUG source.pooled.PooledDataSource  - PooledDataSource forcefully closed/removed all connections.
2019-11-15 20:00:55,958 227    [           main] DEBUG source.pooled.PooledDataSource  - PooledDataSource forcefully closed/removed all connections.
2019-11-15 20:00:55,958 227    [           main] DEBUG source.pooled.PooledDataSource  - PooledDataSource forcefully closed/removed all connections.
2019-11-15 20:00:56,059 328    [           main] DEBUG ansaction.jdbc.JdbcTransaction  - Opening JDBC Connection
2019-11-15 20:00:57,206 1475   [           main] DEBUG source.pooled.PooledDataSource  - Created connection 1529060733.
2019-11-15 20:00:57,206 1475   [           main] DEBUG ansaction.jdbc.JdbcTransaction  - Setting autocommit to false on JDBC Connection [com.mysql.cj.jdbc.ConnectionImpl@5b239d7d]
2019-11-15 20:00:57,208 1477   [           main] DEBUG om.itheima.dao.IUseDao.findAll  - ==>  Preparing: select * from user 
2019-11-15 20:00:57,249 1518   [           main] DEBUG om.itheima.dao.IUseDao.findAll  - ==> Parameters: 
2019-11-15 20:00:57,289 1558   [           main] DEBUG om.itheima.dao.IUseDao.findAll  - <==      Total: 6
2019-11-15 20:00:57,297 1566   [           main] DEBUG ansaction.jdbc.JdbcTransaction  - Resetting autocommit to true on JDBC Connection [com.mysql.cj.jdbc.ConnectionImpl@5b239d7d]
2019-11-15 20:00:57,298 1567   [           main] DEBUG ansaction.jdbc.JdbcTransaction  - Closing JDBC Connection [com.mysql.cj.jdbc.ConnectionImpl@5b239d7d]
2019-11-15 20:00:57,298 1567   [           main] DEBUG source.pooled.PooledDataSource  - Returned connection 1529060733 to pool.
2019-11-15 20:05:32,880 0      [           main] DEBUG ache.ibatis.logging.LogFactory  - Logging initialized using 'class org.apache.ibatis.logging.log4j.Log4jImpl' adapter.
2019-11-15 20:05:33,083 203    [           main] DEBUG source.pooled.PooledDataSource  - PooledDataSource forcefully closed/removed all connections.
2019-11-15 20:05:33,083 203    [           main] DEBUG source.pooled.PooledDataSource  - PooledDataSource forcefully closed/removed all connections.
2019-11-15 20:05:33,083 203    [           main] DEBUG source.pooled.PooledDataSource  - PooledDataSource forcefully closed/removed all connections.
2019-11-15 20:05:33,083 203    [           main] DEBUG source.pooled.PooledDataSource  - PooledDataSource forcefully closed/removed all connections.
2019-11-15 20:05:42,052 0      [           main] DEBUG ache.ibatis.logging.LogFactory  - Logging initialized using 'class org.apache.ibatis.logging.log4j.Log4jImpl' adapter.
2019-11-15 20:05:42,250 198    [           main] DEBUG source.pooled.PooledDataSource  - PooledDataSource forcefully closed/removed all connections.
2019-11-15 20:05:42,250 198    [           main] DEBUG source.pooled.PooledDataSource  - PooledDataSource forcefully closed/removed all connections.
2019-11-15 20:05:42,250 198    [           main] DEBUG source.pooled.PooledDataSource  - PooledDataSource forcefully closed/removed all connections.
2019-11-15 20:05:42,250 198    [           main] DEBUG source.pooled.PooledDataSource  - PooledDataSource forcefully closed/removed all connections.
2019-11-15 20:05:57,196 0      [           main] DEBUG ache.ibatis.logging.LogFactory  - Logging initialized using 'class org.apache.ibatis.logging.log4j.Log4jImpl' adapter.
2019-11-15 20:05:57,418 222    [           main] DEBUG source.pooled.PooledDataSource  - PooledDataSource forcefully closed/removed all connections.
2019-11-15 20:05:57,419 223    [           main] DEBUG source.pooled.PooledDataSource  - PooledDataSource forcefully closed/removed all connections.
2019-11-15 20:05:57,419 223    [           main] DEBUG source.pooled.PooledDataSource  - PooledDataSource forcefully closed/removed all connections.
2019-11-15 20:05:57,419 223    [           main] DEBUG source.pooled.PooledDataSource  - PooledDataSource forcefully closed/removed all connections.
2019-11-15 20:06:09,090 0      [           main] DEBUG ache.ibatis.logging.LogFactory  - Logging initialized using 'class org.apache.ibatis.logging.log4j.Log4jImpl' adapter.
2019-11-15 20:06:09,319 229    [           main] DEBUG source.pooled.PooledDataSource  - PooledDataSource forcefully closed/removed all connections.
2019-11-15 20:06:09,319 229    [           main] DEBUG source.pooled.PooledDataSource  - PooledDataSource forcefully closed/removed all connections.
2019-11-15 20:06:09,320 230    [           main] DEBUG source.pooled.PooledDataSource  - PooledDataSource forcefully closed/removed all connections.
2019-11-15 20:06:09,320 230    [           main] DEBUG source.pooled.PooledDataSource  - PooledDataSource forcefully closed/removed all connections.
2019-11-15 20:06:09,394 304    [           main] DEBUG ansaction.jdbc.JdbcTransaction  - Opening JDBC Connection
2019-11-15 20:06:10,397 1307   [           main] DEBUG source.pooled.PooledDataSource  - Created connection 1529060733.
2019-11-15 20:06:10,397 1307   [           main] DEBUG ansaction.jdbc.JdbcTransaction  - Setting autocommit to false on JDBC Connection [com.mysql.cj.jdbc.ConnectionImpl@5b239d7d]
2019-11-15 20:06:10,399 1309   [           main] DEBUG om.itheima.dao.IUseDao.findAll  - ==>  Preparing: select * from user 
2019-11-15 20:06:10,431 1341   [           main] DEBUG om.itheima.dao.IUseDao.findAll  - ==> Parameters: 
2019-11-15 20:06:10,464 1374   [           main] DEBUG om.itheima.dao.IUseDao.findAll  - <==      Total: 6
2019-11-15 20:06:10,471 1381   [           main] DEBUG ansaction.jdbc.JdbcTransaction  - Resetting autocommit to true on JDBC Connection [com.mysql.cj.jdbc.ConnectionImpl@5b239d7d]
2019-11-15 20:06:10,471 1381   [           main] DEBUG ansaction.jdbc.JdbcTransaction  - Closing JDBC Connection [com.mysql.cj.jdbc.ConnectionImpl@5b239d7d]
2019-11-15 20:06:10,471 1381   [           main] DEBUG source.pooled.PooledDataSource  - Returned connection 1529060733 to pool.
2019-11-15 20:06:34,825 0      [           main] DEBUG ache.ibatis.logging.LogFactory  - Logging initialized using 'class org.apache.ibatis.logging.log4j.Log4jImpl' adapter.
2019-11-15 20:06:35,007 182    [           main] DEBUG source.pooled.PooledDataSource  - PooledDataSource forcefully closed/removed all connections.
2019-11-15 20:06:35,008 183    [           main] DEBUG source.pooled.PooledDataSource  - PooledDataSource forcefully closed/removed all connections.
2019-11-15 20:06:35,008 183    [           main] DEBUG source.pooled.PooledDataSource  - PooledDataSource forcefully closed/removed all connections.
2019-11-15 20:06:35,008 183    [           main] DEBUG source.pooled.PooledDataSource  - PooledDataSource forcefully closed/removed all connections.
2019-11-15 20:06:41,548 0      [           main] DEBUG ache.ibatis.logging.LogFactory  - Logging initialized using 'class org.apache.ibatis.logging.log4j.Log4jImpl' adapter.
2019-11-15 20:06:41,747 199    [           main] DEBUG source.pooled.PooledDataSource  - PooledDataSource forcefully closed/removed all connections.
2019-11-15 20:06:41,747 199    [           main] DEBUG source.pooled.PooledDataSource  - PooledDataSource forcefully closed/removed all connections.
2019-11-15 20:06:41,747 199    [           main] DEBUG source.pooled.PooledDataSource  - PooledDataSource forcefully closed/removed all connections.
2019-11-15 20:06:41,748 200    [           main] DEBUG source.pooled.PooledDataSource  - PooledDataSource forcefully closed/removed all connections.
2019-11-15 20:06:47,566 1      [           main] DEBUG ache.ibatis.logging.LogFactory  - Logging initialized using 'class org.apache.ibatis.logging.log4j.Log4jImpl' adapter.
2019-11-15 20:06:47,763 198    [           main] DEBUG source.pooled.PooledDataSource  - PooledDataSource forcefully closed/removed all connections.
2019-11-15 20:06:47,763 198    [           main] DEBUG source.pooled.PooledDataSource  - PooledDataSource forcefully closed/removed all connections.
2019-11-15 20:06:47,763 198    [           main] DEBUG source.pooled.PooledDataSource  - PooledDataSource forcefully closed/removed all connections.
2019-11-15 20:06:47,763 198    [           main] DEBUG source.pooled.PooledDataSource  - PooledDataSource forcefully closed/removed all connections.
2019-11-15 20:06:47,859 294    [           main] DEBUG ansaction.jdbc.JdbcTransaction  - Opening JDBC Connection
2019-11-15 20:06:48,888 1323   [           main] DEBUG source.pooled.PooledDataSource  - Created connection 1529060733.
2019-11-15 20:06:48,888 1323   [           main] DEBUG ansaction.jdbc.JdbcTransaction  - Setting autocommit to false on JDBC Connection [com.mysql.cj.jdbc.ConnectionImpl@5b239d7d]
2019-11-15 20:06:48,891 1326   [           main] DEBUG om.itheima.dao.IUseDao.findAll  - ==>  Preparing: select * from user 
2019-11-15 20:06:48,928 1363   [           main] DEBUG om.itheima.dao.IUseDao.findAll  - ==> Parameters: 
2019-11-15 20:06:49,042 1477   [           main] DEBUG om.itheima.dao.IUseDao.findAll  - <==      Total: 6
2019-11-15 20:06:49,047 1482   [           main] DEBUG ansaction.jdbc.JdbcTransaction  - Resetting autocommit to true on JDBC Connection [com.mysql.cj.jdbc.ConnectionImpl@5b239d7d]
2019-11-15 20:06:49,047 1482   [           main] DEBUG ansaction.jdbc.JdbcTransaction  - Closing JDBC Connection [com.mysql.cj.jdbc.ConnectionImpl@5b239d7d]
2019-11-15 20:06:49,048 1483   [           main] DEBUG source.pooled.PooledDataSource  - Returned connection 1529060733 to pool.
2019-11-15 20:31:07,580 0      [           main] DEBUG ache.ibatis.logging.LogFactory  - Logging initialized using 'class org.apache.ibatis.logging.log4j.Log4jImpl' adapter.
2019-11-15 20:31:07,796 216    [           main] DEBUG source.pooled.PooledDataSource  - PooledDataSource forcefully closed/removed all connections.
2019-11-15 20:31:07,796 216    [           main] DEBUG source.pooled.PooledDataSource  - PooledDataSource forcefully closed/removed all connections.
2019-11-15 20:31:07,797 217    [           main] DEBUG source.pooled.PooledDataSource  - PooledDataSource forcefully closed/removed all connections.
2019-11-15 20:31:07,797 217    [           main] DEBUG source.pooled.PooledDataSource  - PooledDataSource forcefully closed/removed all connections.
2019-11-15 20:31:07,889 309    [           main] DEBUG ansaction.jdbc.JdbcTransaction  - Opening JDBC Connection
2019-11-15 20:31:08,920 1340   [           main] DEBUG source.pooled.PooledDataSource  - Created connection 1529060733.
2019-11-15 20:31:08,920 1340   [           main] DEBUG ansaction.jdbc.JdbcTransaction  - Setting autocommit to false on JDBC Connection [com.mysql.cj.jdbc.ConnectionImpl@5b239d7d]
2019-11-15 20:31:08,923 1343   [           main] DEBUG om.itheima.dao.IUseDao.findAll  - ==>  Preparing: select * from user 
2019-11-15 20:31:08,952 1372   [           main] DEBUG om.itheima.dao.IUseDao.findAll  - ==> Parameters: 
2019-11-15 20:31:09,106 1526   [           main] DEBUG om.itheima.dao.IUseDao.findAll  - <==      Total: 6
2019-11-15 20:31:09,110 1530   [           main] DEBUG ansaction.jdbc.JdbcTransaction  - Resetting autocommit to true on JDBC Connection [com.mysql.cj.jdbc.ConnectionImpl@5b239d7d]
2019-11-15 20:31:09,111 1531   [           main] DEBUG ansaction.jdbc.JdbcTransaction  - Closing JDBC Connection [com.mysql.cj.jdbc.ConnectionImpl@5b239d7d]
2019-11-15 20:31:09,111 1531   [           main] DEBUG source.pooled.PooledDataSource  - Returned connection 1529060733 to pool.
2019-11-17 12:20:06,815 0      [           main] DEBUG ache.ibatis.logging.LogFactory  - Logging initialized using 'class org.apache.ibatis.logging.log4j.Log4jImpl' adapter.
2019-11-17 12:20:07,455 640    [           main] DEBUG source.pooled.PooledDataSource  - PooledDataSource forcefully closed/removed all connections.
2019-11-17 12:20:07,455 640    [           main] DEBUG source.pooled.PooledDataSource  - PooledDataSource forcefully closed/removed all connections.
2019-11-17 12:20:07,456 641    [           main] DEBUG source.pooled.PooledDataSource  - PooledDataSource forcefully closed/removed all connections.
2019-11-17 12:20:07,456 641    [           main] DEBUG source.pooled.PooledDataSource  - PooledDataSource forcefully closed/removed all connections.
2019-11-17 12:20:07,658 843    [           main] DEBUG ansaction.jdbc.JdbcTransaction  - Opening JDBC Connection
2019-11-17 12:20:10,278 3463   [           main] DEBUG source.pooled.PooledDataSource  - Created connection 1529060733.
2019-11-17 12:20:10,278 3463   [           main] DEBUG ansaction.jdbc.JdbcTransaction  - Setting autocommit to false on JDBC Connection [com.mysql.cj.jdbc.ConnectionImpl@5b239d7d]
2019-11-17 12:20:10,281 3466   [           main] DEBUG om.itheima.dao.IUseDao.findAll  - ==>  Preparing: select * from user 
2019-11-17 12:20:10,376 3561   [           main] DEBUG om.itheima.dao.IUseDao.findAll  - ==> Parameters: 
2019-11-17 12:20:10,555 3740   [           main] DEBUG om.itheima.dao.IUseDao.findAll  - <==      Total: 6
2019-11-17 12:20:10,563 3748   [           main] DEBUG ansaction.jdbc.JdbcTransaction  - Resetting autocommit to true on JDBC Connection [com.mysql.cj.jdbc.ConnectionImpl@5b239d7d]
2019-11-17 12:20:10,564 3749   [           main] DEBUG ansaction.jdbc.JdbcTransaction  - Closing JDBC Connection [com.mysql.cj.jdbc.ConnectionImpl@5b239d7d]
2019-11-17 12:20:10,564 3749   [           main] DEBUG source.pooled.PooledDataSource  - Returned connection 1529060733 to pool.
